


materialPath: C:\Program Files (x86)\Steam\steamapps\common\Half-Life 2\hl2\materials
Loading C:\Users\debor\Desktop\hammer\2ndfloor.vmf
Could not locate 'GameData' key in c:\program files (x86)\steam\steamapps\common\half-life 2\hl2\gameinfo.txt
fixing up env_cubemap materials on brush sides...
0...1...2...3...4...5...6...7...8...9...10**** leaked ****
Entity npc_headcrab_black (-90.02 -22.95 478.21) leaked!

FindPortalSide: Couldn't find a good match for which brush to assign to a portal near (-1536.0 1024.0 651.0)
Leaf 0 contents: CONTENTS_SOLID 
Leaf 1 contents: 
viscontents (node 0 contents ^ node 1 contents): CONTENTS_SOLID 
This means that none of the brushes in leaf 0 or 1 that touches the portal has CONTENTS_SOLID 
Check for a huge brush enclosing the coordinates above that has contents CONTENTS_SOLID 
Candidate brush IDs: 


FindPortalSide: Couldn't find a good match for which brush to assign to a portal near (-1536.0 1024.0 962.0)
Leaf 0 contents: CONTENTS_SOLID 
Leaf 1 contents: 
viscontents (node 0 contents ^ node 1 contents): CONTENTS_SOLID 
This means that none of the brushes in leaf 0 or 1 that touches the portal has CONTENTS_SOLID 
Check for a huge brush enclosing the coordinates above that has contents CONTENTS_SOLID 
Candidate brush IDs: 


FindPortalSide: Couldn't find a good match for which brush to assign to a portal near (-1536.0 1024.0 73.0)
Leaf 0 contents: CONTENTS_SOLID 
Leaf 1 contents: 
viscontents (node 0 contents ^ node 1 contents): CONTENTS_SOLID 
This means that none of the brushes in leaf 0 or 1 that touches the portal has CONTENTS_SOLID 
Check for a huge brush enclosing the coordinates above that has contents CONTENTS_SOLID 
Candidate brush IDs: 


FindPortalSide: Couldn't find a good match for which brush to assign to a portal near (-1024.0 1265.7 339.0)
Leaf 0 contents: 
Leaf 1 contents: CONTENTS_SOLID 
viscontents (node 0 contents ^ node 1 contents): CONTENTS_SOLID 
This means that none of the brushes in leaf 0 or 1 that touches the portal has CONTENTS_SOLID 
Check for a huge brush enclosing the coordinates above that has contents CONTENTS_SOLID 
Candidate brush IDs: 


FindPortalSide: Couldn't find a good match for which brush to assign to a portal near (-1024.0 1265.7 651.0)
Leaf 0 contents: 
Leaf 1 contents: CONTENTS_SOLID 
viscontents (node 0 contents ^ node 1 contents): CONTENTS_SOLID 
This means that none of the brushes in leaf 0 or 1 that touches the portal has CONTENTS_SOLID 
Check for a huge brush enclosing the coordinates above that has contents CONTENTS_SOLID 
Candidate brush IDs: 


FindPortalSide: Couldn't find a good match for which brush to assign to a portal near (-1024.0 1777.7 642.0)
Leaf 0 contents: 
Leaf 1 contents: CONTENTS_SOLID 
viscontents (node 0 contents ^ node 1 contents): CONTENTS_SOLID 
This means that none of the brushes in leaf 0 or 1 that touches the portal has CONTENTS_SOLID 
Check for a huge brush enclosing the coordinates above that has contents CONTENTS_SOLID 
Candidate brush IDs: 


FindPortalSide: Couldn't find a good match for which brush to assign to a portal near (-1024.0 1536.0 962.0)
Leaf 0 contents: 
Leaf 1 contents: CONTENTS_SOLID 
viscontents (node 0 contents ^ node 1 contents): CONTENTS_SOLID 
This means that none of the brushes in leaf 0 or 1 that touches the portal has CONTENTS_SOLID 
Check for a huge brush enclosing the coordinates above that has contents CONTENTS_SOLID 
Candidate brush IDs: 


FindPortalSide: Couldn't find a good match for which brush to assign to a portal near (-1024.0 1536.0 64.0)
Leaf 0 contents: 
Leaf 1 contents: CONTENTS_SOLID 
viscontents (node 0 contents ^ node 1 contents): CONTENTS_SOLID 
This means that none of the brushes in leaf 0 or 1 that touches the portal has CONTENTS_SOLID 
Check for a huge brush enclosing the coordinates above that has contents CONTENTS_SOLID 
Candidate brush IDs: 

*** Suppressing further FindPortalSide errors.... ***
Processing areas...done (0)
Building Faces...done (0)
FixTjuncs...
PruneNodes...
WriteBSP...
done (0)
Creating default LDR cubemaps for env_cubemap using skybox materials:
   skybox/sky_day01_01*.vmt
 ! Run buildcubemaps in the engine to get the correct cube maps.
Creating default HDR cubemaps for env_cubemap using skybox materials:
   skybox/sky_day01_01*.vmt
 ! Run buildcubemaps in the engine to get the correct cube maps.
Finding displacement neighbors...
Finding lightmap sample positions...
Displacement Alpha : 0...1...2...3...4...5...6...7...8...9...10
Building Physics collision data...
done (0) (20079 bytes)
Placing detail props : 0...1...2...3...4...5...6...7...8...9...10
Compacting texture/material tables...
Reduced 125 texinfos to 125
Reduced 2 texdatas to 2 (41 bytes to 41)
Writing C:\Users\debor\Desktop\hammer\2ndfloor.bsp
1 second elapsed



8 threads
reading c:\users\debor\desktop\hammer\2ndfloor.bsp
reading c:\users\debor\desktop\hammer\2ndfloor.prt
LoadPortals: couldn't read c:\users\debor\desktop\hammer\2ndfloor.prt



[Reading texlights from 'lights.rad']
[45 texlights parsed from 'lights.rad']

Loading c:\users\debor\desktop\hammer\2ndfloor.bsp
No vis information, direct lighting only.
949 faces
217083 square feet [31259974.00 square inches]
0 Displacements
0 Square Feet [0.00 Square Inches]
6 direct lights
0...1...2...3...4...5...6...7...8...9...10Build Patch/Sample Hash Table(s).....Done<0.0067 sec>
0...1...2...3...4...5...6...7...8...9...10FinalLightFace Done
0 of 0 (0% of) surface lights went in leaf ambient cubes.
0...1...2...3...4...5...6...7...8...9...10Writing leaf ambient...done
Ready to Finish

Object names       Objects/Maxobjs  Memory / Maxmem  Fullness 
------------       ---------------  ---------------  -------- 
models                   1/1024           48/49152    ( 0.1%) 
brushes                 51/8192          612/98304    ( 0.6%) 
brushsides             569/65536        4552/524288   ( 0.9%) 
planes                 972/65536       19440/1310720  ( 1.5%) 
vertexes              1334/65536       16008/786432   ( 2.0%) 
nodes                  652/65536       20864/2097152  ( 1.0%) 
texinfos               125/12288        9000/884736   ( 1.0%) 
texdata                  2/2048           64/65536    ( 0.1%) 
dispinfos                0/0               0/0        ( 0.0%) 
disp_verts               0/0               0/0        ( 0.0%) 
disp_tris                0/0               0/0        ( 0.0%) 
disp_lmsamples           0/0               0/0        ( 0.0%) 
faces                  949/65536       53144/3670016  ( 1.4%) 
hdr faces                0/65536           0/3670016  ( 0.0%) 
origfaces              282/65536       15792/3670016  ( 0.4%) 
leaves                 654/65536       20928/2097152  ( 1.0%) 
leaffaces             1099/65536        2198/131072   ( 1.7%) 
leafbrushes            278/65536         556/131072   ( 0.4%) 
areas                    2/256            16/2048     ( 0.8%) 
surfedges             5559/512000      22236/2048000  ( 1.1%) 
edges                 2818/256000      11272/1024000  ( 1.1%) 
LDR worldlights          6/8192          528/720896   ( 0.1%) 
HDR worldlights          0/8192            0/720896   ( 0.0%) 
leafwaterdata            0/32768           0/393216   ( 0.0%) 
waterstrips             77/32768         770/327680   ( 0.2%) 
waterverts               0/65536           0/786432   ( 0.0%) 
waterindices          1005/65536        2010/131072   ( 1.5%) 
cubemapsamples           0/1024            0/16384    ( 0.0%) 
overlays                 0/512             0/180224   ( 0.0%) 
LDR lightdata         [variable]      744124/0        ( 0.0%) 
HDR lightdata         [variable]           0/0        ( 0.0%) 
visdata               [variable]           0/16777216 ( 0.0%) 
entdata               [variable]        3180/393216   ( 0.8%) 
LDR ambient table      654/65536        2616/262144   ( 1.0%) 
HDR ambient table      654/65536        2616/262144   ( 1.0%) 
LDR leaf ambient       538/65536       15064/1835008  ( 0.8%) 
HDR leaf ambient       654/65536       18312/1835008  ( 1.0%) 
occluders                0/0               0/0        ( 0.0%) 
occluder polygons        0/0               0/0        ( 0.0%) 
occluder vert ind        0/0               0/0        ( 0.0%) 
detail props          [variable]           1/12       ( 8.3%) 
static props          [variable]           1/12       ( 8.3%) 
pakfile               [variable]      105663/0        ( 0.0%) 
physics               [variable]       20079/4194304  ( 0.5%) 
physics terrain       [variable]           2/1048576  ( 0.0%) 

Level flags = 0

Total triangle count: 2532
Writing c:\users\debor\desktop\hammer\2ndfloor.bsp
1 second elapsed
